Build started 9/30/2014 4:07:25 PM.
     1>Project "C:\Users\Martin\Documents\Visual Studio 2013\Projects\OpenCLPathTracer\OpenCL_V01\OpenCL_V01.vcxproj" on node 2 (Build target(s)).
     1>ClCompile:
         C:\Program Files (x86)\Microsoft Visual Studio 12.0\VC\bin\CL.exe /c /Zi /nologo /W3 /WX- /sdl /O2 /Oi /Oy- /GL /D WIN32 /D NDEBUG /D _CONSOLE /D _LIB /D _UNICODE /D UNICODE /Gm- /EHsc /MD /GS /Gy /fp:precise /Zc:wchar_t /Zc:forScope /Fo"Release\\" /Fd"Release\vc120.pdb" /Gd /TP /analyze- /errorReport:prompt list.cpp main.cpp objLoader.cpp objTester.cpp obj_parser.cpp Source.cpp Source1.cpp string_extra.cpp Vector3.cpp
         list.cpp
     1>list.cpp(60): error C4996: 'strncpy': This function or variable may be unsafe. Consider using strncpy_s instead. To disable deprecation, use _CRT_SECURE_NO_WARNINGS. See online help for details.
                 C:\Program Files (x86)\Microsoft Visual Studio 12.0\VC\include\string.h(195) : see declaration of 'strncpy'
         main.cpp
     1>c:\users\martin\documents\visual studio 2013\projects\openclpathtracer\opencl_v01\obj_parser.h(18): warning C4091: 'typedef ' : ignored on left of 'obj_face' when no variable is declared
     1>c:\users\martin\documents\visual studio 2013\projects\openclpathtracer\opencl_v01\obj_parser.h(27): warning C4091: 'typedef ' : ignored on left of 'obj_sphere' when no variable is declared
     1>c:\users\martin\documents\visual studio 2013\projects\openclpathtracer\opencl_v01\obj_parser.h(36): warning C4091: 'typedef ' : ignored on left of 'obj_plane' when no variable is declared
     1>c:\users\martin\documents\visual studio 2013\projects\openclpathtracer\opencl_v01\obj_parser.h(41): warning C4091: 'typedef ' : ignored on left of 'obj_vector' when no variable is declared
     1>c:\users\martin\documents\visual studio 2013\projects\openclpathtracer\opencl_v01\obj_parser.h(56): warning C4091: 'typedef ' : ignored on left of 'obj_material' when no variable is declared
     1>c:\users\martin\documents\visual studio 2013\projects\openclpathtracer\opencl_v01\obj_parser.h(63): warning C4091: 'typedef ' : ignored on left of 'obj_camera' when no variable is declared
     1>c:\users\martin\documents\visual studio 2013\projects\openclpathtracer\opencl_v01\obj_parser.h(69): warning C4091: 'typedef ' : ignored on left of 'obj_light_point' when no variable is declared
     1>c:\users\martin\documents\visual studio 2013\projects\openclpathtracer\opencl_v01\obj_parser.h(76): warning C4091: 'typedef ' : ignored on left of 'obj_light_disc' when no variable is declared
     1>c:\users\martin\documents\visual studio 2013\projects\openclpathtracer\opencl_v01\obj_parser.h(82): warning C4091: 'typedef ' : ignored on left of 'obj_light_quad' when no variable is declared
     1>c:\users\martin\documents\visual studio 2013\projects\openclpathtracer\opencl_v01\obj_parser.h(105): warning C4091: 'typedef ' : ignored on left of 'obj_growable_scene_data' when no variable is declared
     1>c:\users\martin\documents\visual studio 2013\projects\openclpathtracer\opencl_v01\obj_parser.h(138): warning C4091: 'typedef ' : ignored on left of 'obj_scene_data' when no variable is declared
     1>main.cpp(212): warning C4244: '=' : conversion from 'double' to 'float', possible loss of data
     1>main.cpp(337): error C4996: 'clCreateImage2D': was declared deprecated
                 c:\users\martin\documents\visual studio 2013\projects\openclpathtracer\opencl_v01\CL/cl.h(1314) : see declaration of 'clCreateImage2D'
         objLoader.cpp
     1>c:\users\martin\documents\visual studio 2013\projects\openclpathtracer\opencl_v01\obj_parser.h(18): warning C4091: 'typedef ' : ignored on left of 'obj_face' when no variable is declared
     1>c:\users\martin\documents\visual studio 2013\projects\openclpathtracer\opencl_v01\obj_parser.h(27): warning C4091: 'typedef ' : ignored on left of 'obj_sphere' when no variable is declared
     1>c:\users\martin\documents\visual studio 2013\projects\openclpathtracer\opencl_v01\obj_parser.h(36): warning C4091: 'typedef ' : ignored on left of 'obj_plane' when no variable is declared
     1>c:\users\martin\documents\visual studio 2013\projects\openclpathtracer\opencl_v01\obj_parser.h(41): warning C4091: 'typedef ' : ignored on left of 'obj_vector' when no variable is declared
     1>c:\users\martin\documents\visual studio 2013\projects\openclpathtracer\opencl_v01\obj_parser.h(56): warning C4091: 'typedef ' : ignored on left of 'obj_material' when no variable is declared
     1>c:\users\martin\documents\visual studio 2013\projects\openclpathtracer\opencl_v01\obj_parser.h(63): warning C4091: 'typedef ' : ignored on left of 'obj_camera' when no variable is declared
     1>c:\users\martin\documents\visual studio 2013\projects\openclpathtracer\opencl_v01\obj_parser.h(69): warning C4091: 'typedef ' : ignored on left of 'obj_light_point' when no variable is declared
     1>c:\users\martin\documents\visual studio 2013\projects\openclpathtracer\opencl_v01\obj_parser.h(76): warning C4091: 'typedef ' : ignored on left of 'obj_light_disc' when no variable is declared
     1>c:\users\martin\documents\visual studio 2013\projects\openclpathtracer\opencl_v01\obj_parser.h(82): warning C4091: 'typedef ' : ignored on left of 'obj_light_quad' when no variable is declared
     1>c:\users\martin\documents\visual studio 2013\projects\openclpathtracer\opencl_v01\obj_parser.h(105): warning C4091: 'typedef ' : ignored on left of 'obj_growable_scene_data' when no variable is declared
     1>c:\users\martin\documents\visual studio 2013\projects\openclpathtracer\opencl_v01\obj_parser.h(138): warning C4091: 'typedef ' : ignored on left of 'obj_scene_data' when no variable is declared
         objTester.cpp
         obj_parser.cpp
     1>c:\users\martin\documents\visual studio 2013\projects\openclpathtracer\opencl_v01\obj_parser.h(18): warning C4091: 'typedef ' : ignored on left of 'obj_face' when no variable is declared
     1>c:\users\martin\documents\visual studio 2013\projects\openclpathtracer\opencl_v01\obj_parser.h(27): warning C4091: 'typedef ' : ignored on left of 'obj_sphere' when no variable is declared
     1>c:\users\martin\documents\visual studio 2013\projects\openclpathtracer\opencl_v01\obj_parser.h(36): warning C4091: 'typedef ' : ignored on left of 'obj_plane' when no variable is declared
     1>c:\users\martin\documents\visual studio 2013\projects\openclpathtracer\opencl_v01\obj_parser.h(41): warning C4091: 'typedef ' : ignored on left of 'obj_vector' when no variable is declared
     1>c:\users\martin\documents\visual studio 2013\projects\openclpathtracer\opencl_v01\obj_parser.h(56): warning C4091: 'typedef ' : ignored on left of 'obj_material' when no variable is declared
     1>c:\users\martin\documents\visual studio 2013\projects\openclpathtracer\opencl_v01\obj_parser.h(63): warning C4091: 'typedef ' : ignored on left of 'obj_camera' when no variable is declared
     1>c:\users\martin\documents\visual studio 2013\projects\openclpathtracer\opencl_v01\obj_parser.h(69): warning C4091: 'typedef ' : ignored on left of 'obj_light_point' when no variable is declared
     1>c:\users\martin\documents\visual studio 2013\projects\openclpathtracer\opencl_v01\obj_parser.h(76): warning C4091: 'typedef ' : ignored on left of 'obj_light_disc' when no variable is declared
     1>c:\users\martin\documents\visual studio 2013\projects\openclpathtracer\opencl_v01\obj_parser.h(82): warning C4091: 'typedef ' : ignored on left of 'obj_light_quad' when no variable is declared
     1>c:\users\martin\documents\visual studio 2013\projects\openclpathtracer\opencl_v01\obj_parser.h(105): warning C4091: 'typedef ' : ignored on left of 'obj_growable_scene_data' when no variable is declared
     1>c:\users\martin\documents\visual studio 2013\projects\openclpathtracer\opencl_v01\obj_parser.h(138): warning C4091: 'typedef ' : ignored on left of 'obj_scene_data' when no variable is declared
     1>obj_parser.cpp(59): error C4996: 'strtok': This function or variable may be unsafe. Consider using strtok_s instead. To disable deprecation, use _CRT_SECURE_NO_WARNINGS. See online help for details.
                 C:\Program Files (x86)\Microsoft Visual Studio 12.0\VC\include\string.h(204) : see declaration of 'strtok'
         Source.cpp
         Source1.cpp
         string_extra.cpp
         Vector3.cpp
     1>Done Building Project "C:\Users\Martin\Documents\Visual Studio 2013\Projects\OpenCLPathTracer\OpenCL_V01\OpenCL_V01.vcxproj" (Build target(s)) -- FAILED.

Build FAILED.

Time Elapsed 00:00:03.22
