c:\users\martin\documents\visual studio 2013\projects\opencl_v01\opencl_v01\debug\vc120.pdb
c:\users\martin\documents\visual studio 2013\projects\opencl_v01\opencl_v01\debug\vc120.idb
c:\users\martin\documents\visual studio 2013\projects\opencl_v01\opencl_v01\debug\source.obj
c:\users\martin\documents\visual studio 2013\projects\opencl_v01\opencl_v01\debug\main.obj
c:\users\martin\documents\visual studio 2013\projects\opencl_v01\opencl_v01\debug\source1.obj
c:\users\martin\documents\visual studio 2013\projects\openclpathtracer\opencl_v01\debug\vc120.pdb
c:\users\martin\documents\visual studio 2013\projects\openclpathtracer\opencl_v01\debug\vc120.idb
c:\users\martin\documents\visual studio 2013\projects\openclpathtracer\opencl_v01\debug\main.obj
c:\users\martin\documents\visual studio 2013\projects\openclpathtracer\opencl_v01\debug\source.obj
c:\users\martin\documents\visual studio 2013\projects\openclpathtracer\opencl_v01\debug\source1.obj
c:\users\martin\documents\visual studio 2013\projects\openclpathtracer\opencl_v01\debug\vector3.obj
c:\users\martin\documents\visual studio 2013\projects\opencl_v01\debug\opencl_v01.ilk
c:\users\martin\documents\visual studio 2013\projects\opencl_v01\debug\opencl_v01.exe
c:\users\martin\documents\visual studio 2013\projects\opencl_v01\debug\opencl_v01.pdb
c:\users\martin\documents\visual studio 2013\projects\openclpathtracer\debug\opencl_v01.ilk
c:\users\martin\documents\visual studio 2013\projects\openclpathtracer\debug\opencl_v01.exe
c:\users\martin\documents\visual studio 2013\projects\openclpathtracer\debug\opencl_v01.pdb
c:\users\martin\documents\visual studio 2013\projects\openclpathtracer\opencl_v01\debug\opencl_v01.tlog\cl.command.1.tlog
c:\users\martin\documents\visual studio 2013\projects\openclpathtracer\opencl_v01\debug\opencl_v01.tlog\cl.read.1.tlog
c:\users\martin\documents\visual studio 2013\projects\openclpathtracer\opencl_v01\debug\opencl_v01.tlog\cl.write.1.tlog
c:\users\martin\documents\visual studio 2013\projects\openclpathtracer\opencl_v01\debug\opencl_v01.tlog\link.command.1.tlog
c:\users\martin\documents\visual studio 2013\projects\openclpathtracer\opencl_v01\debug\opencl_v01.tlog\link.read.1.tlog
c:\users\martin\documents\visual studio 2013\projects\openclpathtracer\opencl_v01\debug\opencl_v01.tlog\link.write.1.tlog
