Build started 9/29/2014 12:20:39 PM.
     1>Project "C:\Users\Martin\Documents\Visual Studio 2013\Projects\OpenCLPathTracer\OpenCL_V01\OpenCL_V01.vcxproj" on node 2 (Rebuild target(s)).
     1>ClCompile:
         C:\Program Files (x86)\Microsoft Visual Studio 12.0\VC\bin\CL.exe /c /I"C:\Program Files (x86)\Intel\OpenCL SDK\4.6\include\CL" /ZI /nologo /W3 /WX- /sdl- /Od /Oy- /D WIN32 /D _DEBUG /D _CONSOLE /D _LIB /D _UNICODE /D UNICODE /Gm /EHsc /RTC1 /MDd /GS /fp:precise /Zc:wchar_t /Zc:forScope /Fo"Debug\\" /Fd"Debug\vc120.pdb" /Gd /TP /analyze- /errorReport:prompt list.cpp main.cpp objLoader.cpp objTester.cpp obj_parser.cpp Source.cpp Source1.cpp string_extra.cpp Vector3.cpp
         Vector3.cpp
         string_extra.cpp
         Source1.cpp
         Source.cpp
         obj_parser.cpp
     1>c:\users\martin\documents\visual studio 2013\projects\openclpathtracer\opencl_v01\obj_parser.h(18): warning C4091: 'typedef ' : ignored on left of 'obj_face' when no variable is declared
     1>c:\users\martin\documents\visual studio 2013\projects\openclpathtracer\opencl_v01\obj_parser.h(27): warning C4091: 'typedef ' : ignored on left of 'obj_sphere' when no variable is declared
     1>c:\users\martin\documents\visual studio 2013\projects\openclpathtracer\opencl_v01\obj_parser.h(36): warning C4091: 'typedef ' : ignored on left of 'obj_plane' when no variable is declared
     1>c:\users\martin\documents\visual studio 2013\projects\openclpathtracer\opencl_v01\obj_parser.h(41): warning C4091: 'typedef ' : ignored on left of 'obj_vector' when no variable is declared
     1>c:\users\martin\documents\visual studio 2013\projects\openclpathtracer\opencl_v01\obj_parser.h(56): warning C4091: 'typedef ' : ignored on left of 'obj_material' when no variable is declared
     1>c:\users\martin\documents\visual studio 2013\projects\openclpathtracer\opencl_v01\obj_parser.h(63): warning C4091: 'typedef ' : ignored on left of 'obj_camera' when no variable is declared
     1>c:\users\martin\documents\visual studio 2013\projects\openclpathtracer\opencl_v01\obj_parser.h(69): warning C4091: 'typedef ' : ignored on left of 'obj_light_point' when no variable is declared
     1>c:\users\martin\documents\visual studio 2013\projects\openclpathtracer\opencl_v01\obj_parser.h(76): warning C4091: 'typedef ' : ignored on left of 'obj_light_disc' when no variable is declared
     1>c:\users\martin\documents\visual studio 2013\projects\openclpathtracer\opencl_v01\obj_parser.h(82): warning C4091: 'typedef ' : ignored on left of 'obj_light_quad' when no variable is declared
     1>c:\users\martin\documents\visual studio 2013\projects\openclpathtracer\opencl_v01\obj_parser.h(105): warning C4091: 'typedef ' : ignored on left of 'obj_growable_scene_data' when no variable is declared
     1>c:\users\martin\documents\visual studio 2013\projects\openclpathtracer\opencl_v01\obj_parser.h(138): warning C4091: 'typedef ' : ignored on left of 'obj_scene_data' when no variable is declared
     1>c:\users\martin\documents\visual studio 2013\projects\openclpathtracer\opencl_v01\obj_parser.cpp(59): warning C4996: 'strtok': This function or variable may be unsafe. Consider using strtok_s instead. To disable deprecation, use _CRT_SECURE_NO_WARNINGS. See online help for details.
                 c:\program files (x86)\microsoft visual studio 12.0\vc\include\string.h(204) : see declaration of 'strtok'
     1>c:\users\martin\documents\visual studio 2013\projects\openclpathtracer\opencl_v01\obj_parser.cpp(137): warning C4996: 'strtok': This function or variable may be unsafe. Consider using strtok_s instead. To disable deprecation, use _CRT_SECURE_NO_WARNINGS. See online help for details.
                 c:\program files (x86)\microsoft visual studio 12.0\vc\include\string.h(204) : see declaration of 'strtok'
     1>c:\users\martin\documents\visual studio 2013\projects\openclpathtracer\opencl_v01\obj_parser.cpp(165): warning C4996: 'strtok': This function or variable may be unsafe. Consider using strtok_s instead. To disable deprecation, use _CRT_SECURE_NO_WARNINGS. See online help for details.
                 c:\program files (x86)\microsoft visual studio 12.0\vc\include\string.h(204) : see declaration of 'strtok'
     1>c:\users\martin\documents\visual studio 2013\projects\openclpathtracer\opencl_v01\obj_parser.cpp(166): warning C4996: 'strtok': This function or variable may be unsafe. Consider using strtok_s instead. To disable deprecation, use _CRT_SECURE_NO_WARNINGS. See online help for details.
                 c:\program files (x86)\microsoft visual studio 12.0\vc\include\string.h(204) : see declaration of 'strtok'
     1>c:\users\martin\documents\visual studio 2013\projects\openclpathtracer\opencl_v01\obj_parser.cpp(167): warning C4996: 'strtok': This function or variable may be unsafe. Consider using strtok_s instead. To disable deprecation, use _CRT_SECURE_NO_WARNINGS. See online help for details.
                 c:\program files (x86)\microsoft visual studio 12.0\vc\include\string.h(204) : see declaration of 'strtok'
     1>c:\users\martin\documents\visual studio 2013\projects\openclpathtracer\opencl_v01\obj_parser.cpp(190): warning C4996: 'fopen': This function or variable may be unsafe. Consider using fopen_s instead. To disable deprecation, use _CRT_SECURE_NO_WARNINGS. See online help for details.
                 c:\program files (x86)\microsoft visual studio 12.0\vc\include\stdio.h(211) : see declaration of 'fopen'
     1>c:\users\martin\documents\visual studio 2013\projects\openclpathtracer\opencl_v01\obj_parser.cpp(201): warning C4996: 'strtok': This function or variable may be unsafe. Consider using strtok_s instead. To disable deprecation, use _CRT_SECURE_NO_WARNINGS. See online help for details.
                 c:\program files (x86)\microsoft visual studio 12.0\vc\include\string.h(204) : see declaration of 'strtok'
     1>c:\users\martin\documents\visual studio 2013\projects\openclpathtracer\opencl_v01\obj_parser.cpp(217): warning C4996: 'strncpy': This function or variable may be unsafe. Consider using strncpy_s instead. To disable deprecation, use _CRT_SECURE_NO_WARNINGS. See online help for details.
                 c:\program files (x86)\microsoft visual studio 12.0\vc\include\string.h(195) : see declaration of 'strncpy'
     1>c:\users\martin\documents\visual studio 2013\projects\openclpathtracer\opencl_v01\obj_parser.cpp(224): warning C4996: 'strtok': This function or variable may be unsafe. Consider using strtok_s instead. To disable deprecation, use _CRT_SECURE_NO_WARNINGS. See online help for details.
                 c:\program files (x86)\microsoft visual studio 12.0\vc\include\string.h(204) : see declaration of 'strtok'
     1>c:\users\martin\documents\visual studio 2013\projects\openclpathtracer\opencl_v01\obj_parser.cpp(225): warning C4996: 'strtok': This function or variable may be unsafe. Consider using strtok_s instead. To disable deprecation, use _CRT_SECURE_NO_WARNINGS. See online help for details.
                 c:\program files (x86)\microsoft visual studio 12.0\vc\include\string.h(204) : see declaration of 'strtok'
     1>c:\users\martin\documents\visual studio 2013\projects\openclpathtracer\opencl_v01\obj_parser.cpp(226): warning C4996: 'strtok': This function or variable may be unsafe. Consider using strtok_s instead. To disable deprecation, use _CRT_SECURE_NO_WARNINGS. See online help for details.
                 c:\program files (x86)\microsoft visual studio 12.0\vc\include\string.h(204) : see declaration of 'strtok'
     1>c:\users\martin\documents\visual studio 2013\projects\openclpathtracer\opencl_v01\obj_parser.cpp(232): warning C4996: 'strtok': This function or variable may be unsafe. Consider using strtok_s instead. To disable deprecation, use _CRT_SECURE_NO_WARNINGS. See online help for details.
                 c:\program files (x86)\microsoft visual studio 12.0\vc\include\string.h(204) : see declaration of 'strtok'
     1>c:\users\martin\documents\visual studio 2013\projects\openclpathtracer\opencl_v01\obj_parser.cpp(233): warning C4996: 'strtok': This function or variable may be unsafe. Consider using strtok_s instead. To disable deprecation, use _CRT_SECURE_NO_WARNINGS. See online help for details.
                 c:\program files (x86)\microsoft visual studio 12.0\vc\include\string.h(204) : see declaration of 'strtok'
     1>c:\users\martin\documents\visual studio 2013\projects\openclpathtracer\opencl_v01\obj_parser.cpp(234): warning C4996: 'strtok': This function or variable may be unsafe. Consider using strtok_s instead. To disable deprecation, use _CRT_SECURE_NO_WARNINGS. See online help for details.
                 c:\program files (x86)\microsoft visual studio 12.0\vc\include\string.h(204) : see declaration of 'strtok'
     1>c:\users\martin\documents\visual studio 2013\projects\openclpathtracer\opencl_v01\obj_parser.cpp(240): warning C4996: 'strtok': This function or variable may be unsafe. Consider using strtok_s instead. To disable deprecation, use _CRT_SECURE_NO_WARNINGS. See online help for details.
                 c:\program files (x86)\microsoft visual studio 12.0\vc\include\string.h(204) : see declaration of 'strtok'
     1>c:\users\martin\documents\visual studio 2013\projects\openclpathtracer\opencl_v01\obj_parser.cpp(241): warning C4996: 'strtok': This function or variable may be unsafe. Consider using strtok_s instead. To disable deprecation, use _CRT_SECURE_NO_WARNINGS. See online help for details.
                 c:\program files (x86)\microsoft visual studio 12.0\vc\include\string.h(204) : see declaration of 'strtok'
     1>c:\users\martin\documents\visual studio 2013\projects\openclpathtracer\opencl_v01\obj_parser.cpp(242): warning C4996: 'strtok': This function or variable may be unsafe. Consider using strtok_s instead. To disable deprecation, use _CRT_SECURE_NO_WARNINGS. See online help for details.
                 c:\program files (x86)\microsoft visual studio 12.0\vc\include\string.h(204) : see declaration of 'strtok'
     1>c:\users\martin\documents\visual studio 2013\projects\openclpathtracer\opencl_v01\obj_parser.cpp(247): warning C4996: 'strtok': This function or variable may be unsafe. Consider using strtok_s instead. To disable deprecation, use _CRT_SECURE_NO_WARNINGS. See online help for details.
                 c:\program files (x86)\microsoft visual studio 12.0\vc\include\string.h(204) : see declaration of 'strtok'
     1>c:\users\martin\documents\visual studio 2013\projects\openclpathtracer\opencl_v01\obj_parser.cpp(252): warning C4996: 'strtok': This function or variable may be unsafe. Consider using strtok_s instead. To disable deprecation, use _CRT_SECURE_NO_WARNINGS. See online help for details.
                 c:\program files (x86)\microsoft visual studio 12.0\vc\include\string.h(204) : see declaration of 'strtok'
     1>c:\users\martin\documents\visual studio 2013\projects\openclpathtracer\opencl_v01\obj_parser.cpp(257): warning C4996: 'strtok': This function or variable may be unsafe. Consider using strtok_s instead. To disable deprecation, use _CRT_SECURE_NO_WARNINGS. See online help for details.
                 c:\program files (x86)\microsoft visual studio 12.0\vc\include\string.h(204) : see declaration of 'strtok'
     1>c:\users\martin\documents\visual studio 2013\projects\openclpathtracer\opencl_v01\obj_parser.cpp(262): warning C4996: 'strtok': This function or variable may be unsafe. Consider using strtok_s instead. To disable deprecation, use _CRT_SECURE_NO_WARNINGS. See online help for details.
                 c:\program files (x86)\microsoft visual studio 12.0\vc\include\string.h(204) : see declaration of 'strtok'
     1>c:\users\martin\documents\visual studio 2013\projects\openclpathtracer\opencl_v01\obj_parser.cpp(267): warning C4996: 'strtok': This function or variable may be unsafe. Consider using strtok_s instead. To disable deprecation, use _CRT_SECURE_NO_WARNINGS. See online help for details.
                 c:\program files (x86)\microsoft visual studio 12.0\vc\include\string.h(204) : see declaration of 'strtok'
     1>c:\users\martin\documents\visual studio 2013\projects\openclpathtracer\opencl_v01\obj_parser.cpp(276): warning C4996: 'strncpy': This function or variable may be unsafe. Consider using strncpy_s instead. To disable deprecation, use _CRT_SECURE_NO_WARNINGS. See online help for details.
                 c:\program files (x86)\microsoft visual studio 12.0\vc\include\string.h(195) : see declaration of 'strncpy'
     1>c:\users\martin\documents\visual studio 2013\projects\openclpathtracer\opencl_v01\obj_parser.cpp(300): warning C4996: 'fopen': This function or variable may be unsafe. Consider using fopen_s instead. To disable deprecation, use _CRT_SECURE_NO_WARNINGS. See online help for details.
                 c:\program files (x86)\microsoft visual studio 12.0\vc\include\stdio.h(211) : see declaration of 'fopen'
     1>c:\users\martin\documents\visual studio 2013\projects\openclpathtracer\opencl_v01\obj_parser.cpp(322): warning C4996: 'strtok': This function or variable may be unsafe. Consider using strtok_s instead. To disable deprecation, use _CRT_SECURE_NO_WARNINGS. See online help for details.
                 c:\program files (x86)\microsoft visual studio 12.0\vc\include\string.h(204) : see declaration of 'strtok'
     1>c:\users\martin\documents\visual studio 2013\projects\openclpathtracer\opencl_v01\obj_parser.cpp(400): warning C4996: 'strtok': This function or variable may be unsafe. Consider using strtok_s instead. To disable deprecation, use _CRT_SECURE_NO_WARNINGS. See online help for details.
                 c:\program files (x86)\microsoft visual studio 12.0\vc\include\string.h(204) : see declaration of 'strtok'
     1>c:\users\martin\documents\visual studio 2013\projects\openclpathtracer\opencl_v01\obj_parser.cpp(405): warning C4996: 'strncpy': This function or variable may be unsafe. Consider using strncpy_s instead. To disable deprecation, use _CRT_SECURE_NO_WARNINGS. See online help for details.
                 c:\program files (x86)\microsoft visual studio 12.0\vc\include\string.h(195) : see declaration of 'strncpy'
         objTester.cpp
         objLoader.cpp
     1>c:\users\martin\documents\visual studio 2013\projects\openclpathtracer\opencl_v01\obj_parser.h(18): warning C4091: 'typedef ' : ignored on left of 'obj_face' when no variable is declared
     1>c:\users\martin\documents\visual studio 2013\projects\openclpathtracer\opencl_v01\obj_parser.h(27): warning C4091: 'typedef ' : ignored on left of 'obj_sphere' when no variable is declared
     1>c:\users\martin\documents\visual studio 2013\projects\openclpathtracer\opencl_v01\obj_parser.h(36): warning C4091: 'typedef ' : ignored on left of 'obj_plane' when no variable is declared
     1>c:\users\martin\documents\visual studio 2013\projects\openclpathtracer\opencl_v01\obj_parser.h(41): warning C4091: 'typedef ' : ignored on left of 'obj_vector' when no variable is declared
     1>c:\users\martin\documents\visual studio 2013\projects\openclpathtracer\opencl_v01\obj_parser.h(56): warning C4091: 'typedef ' : ignored on left of 'obj_material' when no variable is declared
     1>c:\users\martin\documents\visual studio 2013\projects\openclpathtracer\opencl_v01\obj_parser.h(63): warning C4091: 'typedef ' : ignored on left of 'obj_camera' when no variable is declared
     1>c:\users\martin\documents\visual studio 2013\projects\openclpathtracer\opencl_v01\obj_parser.h(69): warning C4091: 'typedef ' : ignored on left of 'obj_light_point' when no variable is declared
     1>c:\users\martin\documents\visual studio 2013\projects\openclpathtracer\opencl_v01\obj_parser.h(76): warning C4091: 'typedef ' : ignored on left of 'obj_light_disc' when no variable is declared
     1>c:\users\martin\documents\visual studio 2013\projects\openclpathtracer\opencl_v01\obj_parser.h(82): warning C4091: 'typedef ' : ignored on left of 'obj_light_quad' when no variable is declared
     1>c:\users\martin\documents\visual studio 2013\projects\openclpathtracer\opencl_v01\obj_parser.h(105): warning C4091: 'typedef ' : ignored on left of 'obj_growable_scene_data' when no variable is declared
     1>c:\users\martin\documents\visual studio 2013\projects\openclpathtracer\opencl_v01\obj_parser.h(138): warning C4091: 'typedef ' : ignored on left of 'obj_scene_data' when no variable is declared
         main.cpp
     1>c:\users\martin\documents\visual studio 2013\projects\openclpathtracer\opencl_v01\obj_parser.h(18): warning C4091: 'typedef ' : ignored on left of 'obj_face' when no variable is declared
     1>c:\users\martin\documents\visual studio 2013\projects\openclpathtracer\opencl_v01\obj_parser.h(27): warning C4091: 'typedef ' : ignored on left of 'obj_sphere' when no variable is declared
     1>c:\users\martin\documents\visual studio 2013\projects\openclpathtracer\opencl_v01\obj_parser.h(36): warning C4091: 'typedef ' : ignored on left of 'obj_plane' when no variable is declared
     1>c:\users\martin\documents\visual studio 2013\projects\openclpathtracer\opencl_v01\obj_parser.h(41): warning C4091: 'typedef ' : ignored on left of 'obj_vector' when no variable is declared
     1>c:\users\martin\documents\visual studio 2013\projects\openclpathtracer\opencl_v01\obj_parser.h(56): warning C4091: 'typedef ' : ignored on left of 'obj_material' when no variable is declared
     1>c:\users\martin\documents\visual studio 2013\projects\openclpathtracer\opencl_v01\obj_parser.h(63): warning C4091: 'typedef ' : ignored on left of 'obj_camera' when no variable is declared
     1>c:\users\martin\documents\visual studio 2013\projects\openclpathtracer\opencl_v01\obj_parser.h(69): warning C4091: 'typedef ' : ignored on left of 'obj_light_point' when no variable is declared
     1>c:\users\martin\documents\visual studio 2013\projects\openclpathtracer\opencl_v01\obj_parser.h(76): warning C4091: 'typedef ' : ignored on left of 'obj_light_disc' when no variable is declared
     1>c:\users\martin\documents\visual studio 2013\projects\openclpathtracer\opencl_v01\obj_parser.h(82): warning C4091: 'typedef ' : ignored on left of 'obj_light_quad' when no variable is declared
     1>c:\users\martin\documents\visual studio 2013\projects\openclpathtracer\opencl_v01\obj_parser.h(105): warning C4091: 'typedef ' : ignored on left of 'obj_growable_scene_data' when no variable is declared
     1>c:\users\martin\documents\visual studio 2013\projects\openclpathtracer\opencl_v01\obj_parser.h(138): warning C4091: 'typedef ' : ignored on left of 'obj_scene_data' when no variable is declared
     1>c:\users\martin\documents\visual studio 2013\projects\openclpathtracer\opencl_v01\main.cpp(212): warning C4244: '=' : conversion from 'double' to 'float', possible loss of data
     1>c:\users\martin\documents\visual studio 2013\projects\openclpathtracer\opencl_v01\main.cpp(337): warning C4996: 'clCreateImage2D': was declared deprecated
                 c:\users\martin\documents\visual studio 2013\projects\openclpathtracer\opencl_v01\cl\cl.h(1314) : see declaration of 'clCreateImage2D'
     1>c:\users\martin\documents\visual studio 2013\projects\openclpathtracer\opencl_v01\main.cpp(372): warning C4996: 'clCreateCommandQueue': was declared deprecated
                 c:\users\martin\documents\visual studio 2013\projects\openclpathtracer\opencl_v01\cl\cl.h(1355) : see declaration of 'clCreateCommandQueue'
         list.cpp
     1>c:\users\martin\documents\visual studio 2013\projects\openclpathtracer\opencl_v01\list.cpp(60): warning C4996: 'strncpy': This function or variable may be unsafe. Consider using strncpy_s instead. To disable deprecation, use _CRT_SECURE_NO_WARNINGS. See online help for details.
                 c:\program files (x86)\microsoft visual studio 12.0\vc\include\string.h(195) : see declaration of 'strncpy'
         Generating Code...
       Link:
         C:\Program Files (x86)\Microsoft Visual Studio 12.0\VC\bin\link.exe /ERRORREPORT:PROMPT /OUT:"C:\Users\Martin\Documents\Visual Studio 2013\Projects\OpenCLPathTracer\Debug\OpenCL_V01.exe" /INCREMENTAL /NOLOGO /LIBPATH:"C:\Program Files (x86)\Intel\OpenCL SDK\4.6\lib\x86" OpenCL.lib kernel32.lib user32.lib gdi32.lib winspool.lib comdlg32.lib advapi32.lib shell32.lib ole32.lib oleaut32.lib uuid.lib odbc32.lib odbccp32.lib /MANIFEST /MANIFESTUAC:"level='asInvoker' uiAccess='false'" /manifest:embed /DEBUG /PDB:"C:\Users\Martin\Documents\Visual Studio 2013\Projects\OpenCLPathTracer\Debug\OpenCL_V01.pdb" /SUBSYSTEM:CONSOLE /TLBID:1 /DYNAMICBASE /NXCOMPAT /IMPLIB:"C:\Users\Martin\Documents\Visual Studio 2013\Projects\OpenCLPathTracer\Debug\OpenCL_V01.lib" /MACHINE:X86 Debug\list.obj
         Debug\main.obj
         Debug\objLoader.obj
         Debug\objTester.obj
         Debug\obj_parser.obj
         Debug\Source.obj
         Debug\Source1.obj
         Debug\string_extra.obj
         Debug\Vector3.obj
         OpenCL_V01.vcxproj -> C:\Users\Martin\Documents\Visual Studio 2013\Projects\OpenCLPathTracer\Debug\OpenCL_V01.exe
     1>Done Building Project "C:\Users\Martin\Documents\Visual Studio 2013\Projects\OpenCLPathTracer\OpenCL_V01\OpenCL_V01.vcxproj" (Rebuild target(s)).

Build succeeded.

Time Elapsed 00:00:01.97
